<?xml version="1.0" encoding="UTF-8"?>
<!-- Generated by org.testng.reporters.JUnitReportReporter -->
<testsuite hostname="LAPTOP-BECL2E60" failures="0" tests="1" name="testbefunky.Befunkytest" time="3.381" errors="0" timestamp="2023-06-26T14:32:22 IST" skipped="0">
  <testcase classname="testbefunky.Befunkytest" name="Befunkylogintest" time="3.381"/>
  <system-out/>
</testsuite> <!-- testbefunky.Befunkytest -->
