<?xml version="1.0" encoding="UTF-8"?>
<!-- Generated by org.testng.reporters.JUnitReportReporter -->
<testsuite hostname="LAPTOP-BECL2E60" failures="0" tests="1" name="testbefunky.Editaphoto" time="26.152" errors="0" timestamp="2023-06-26T14:32:22 IST" skipped="0">
  <testcase classname="testbefunky.Editaphoto" name="editphoto" time="26.152"/>
  <system-out/>
</testsuite> <!-- testbefunky.Editaphoto -->
